Page not found
Page not found
Page not found
Page not found
About page accessed
Page not found
Subscribe page accessed
Page not found
Services page accessed
Page not found
Blog page accessed
Page not found
Subscribe page accessed
Page not found
About page accessed
Page not found
About page accessed
Page not found
About page accessed
File served: /Users/keyinstudent/QAP 2 FullStack code/views/about.html
Page not found
File served: /Users/keyinstudent/QAP 2 FullStack code/views/notfound.html
Contact page accessed
File served: /Users/keyinstudent/QAP 2 FullStack code/views/contact.html
Page not found
File served: /Users/keyinstudent/QAP 2 FullStack code/views/notfound.html
Subscribe page accessed
File served: /Users/keyinstudent/QAP 2 FullStack code/views/subscribe.html
Page not found
File served: /Users/keyinstudent/QAP 2 FullStack code/views/notfound.html
Services page accessed
File served: /Users/keyinstudent/QAP 2 FullStack code/views/services.html
Page not found
File served: /Users/keyinstudent/QAP 2 FullStack code/views/notfound.html
Page not found
File served: /Users/keyinstudent/QAP 2 FullStack code/views/notfound.html
Page not found
File served: /Users/keyinstudent/QAP 2 FullStack code/views/notfound.html
Blog page accessed
File served: /Users/keyinstudent/QAP 2 FullStack code/views/blog.html
Page not found
File served: /Users/keyinstudent/QAP 2 FullStack code/views/notfound.html
